<?xml version="1.0" encoding="UTF-8"?>
<!-- Generated by org.testng.reporters.JUnitXMLReporter -->
<testsuite ignored="0" hostname="DESKTOP-88V4A8K" failures="0" tests="3" name="Test1" time="42.328" errors="0" timestamp="2022-06-28T08:08:42 IST">
  <testcase classname="_23POMWithPFMAndTestNG._5Login" name="Login" time="5.092"/>
  <testcase classname="_23POMWithPFMAndTestNG._5Login" name="Login" time="4.071"/>
  <testcase classname="_23POMWithPFMAndTestNG._5Login" name="Login" time="4.977"/>
</testsuite> <!-- Test1 -->
