<?xml version="1.0" encoding="UTF-8"?>
<!-- Generated by org.testng.reporters.JUnitXMLReporter -->
<testsuite ignored="0" hostname="DESKTOP-88V4A8K" failures="0" tests="3" name="Default test" time="0.069" errors="0" timestamp="2022-06-24T07:55:39 IST">
  <testcase classname="_22testngDummyCode.LearningtestNg" name="login" time="0.008"/>
  <testcase classname="_22testngDummyCode.LearningtestNg" name="loginWithInvalidCredentails" time="0.001"/>
  <testcase classname="_22testngDummyCode.LearningtestNg" name="registration" time="0.002"/>
</testsuite> <!-- Default test -->
