<?xml version="1.0" encoding="UTF-8"?>
<testng-results ignored="0" total="15" passed="15" failed="0" skipped="0">
  <reporter-output>
  </reporter-output>
  <suite started-at="2022-06-30T06:53:33 IST" name="Default suite" finished-at="2022-06-30T06:53:33 IST" duration-ms="160">
    <groups>
      <group name="Smoke">
        <method signature="LearningtestNg.login()[pri:2, instance:_22testngDummyCode.LearningtestNg@4cc451f2]" name="login" class="_22testngDummyCode.LearningtestNg"/>
        <method signature="LearningtestNg.loginWithInvalidCredentails()[pri:3, instance:_22testngDummyCode.LearningtestNg@4cc451f2]" name="loginWithInvalidCredentails" class="_22testngDummyCode.LearningtestNg"/>
        <method signature="LearningtestNg.loginWithInvalidCredetinals()[pri:0, instance:_22testngDummyCode.LearningtestNg@4cc451f2]" name="loginWithInvalidCredetinals" class="_22testngDummyCode.LearningtestNg"/>
        <method signature="LearningtestNg.loginWithNoCredentials()[pri:0, instance:_22testngDummyCode.LearningtestNg@4cc451f2]" name="loginWithNoCredentials" class="_22testngDummyCode.LearningtestNg"/>
      </group> <!-- Smoke -->
    </groups>
    <test started-at="2022-06-30T06:53:33 IST" name="Default test" finished-at="2022-06-30T06:53:33 IST" duration-ms="160">
      <class name="_22testngDummyCode.LearningtestNg">
        <test-method is-config="true" signature="FillDb()[pri:0, instance:_22testngDummyCode.LearningtestNg@4cc451f2]" started-at="2022-06-30T06:53:33 IST" name="FillDb" finished-at="2022-06-30T06:53:33 IST" duration-ms="9" status="PASS">
          <reporter-output>
          </reporter-output>
        </test-method> <!-- FillDb -->
        <test-method is-config="true" signature="connectToDb()[pri:0, instance:_22testngDummyCode.LearningtestNg@4cc451f2]" started-at="2022-06-30T06:53:33 IST" name="connectToDb" finished-at="2022-06-30T06:53:33 IST" duration-ms="1" status="PASS">
          <reporter-output>
          </reporter-output>
        </test-method> <!-- connectToDb -->
        <test-method is-config="true" signature="openBrowserAndEnterUrl()[pri:0, instance:_22testngDummyCode.LearningtestNg@4cc451f2]" started-at="2022-06-30T06:53:33 IST" name="openBrowserAndEnterUrl" finished-at="2022-06-30T06:53:33 IST" duration-ms="1" status="PASS">
          <reporter-output>
          </reporter-output>
        </test-method> <!-- openBrowserAndEnterUrl -->
        <test-method signature="loginWithInvalidCredetinals()[pri:0, instance:_22testngDummyCode.LearningtestNg@4cc451f2]" started-at="2022-06-30T06:53:33 IST" name="loginWithInvalidCredetinals" finished-at="2022-06-30T06:53:33 IST" duration-ms="6" status="PASS">
          <reporter-output>
          </reporter-output>
        </test-method> <!-- loginWithInvalidCredetinals -->
        <test-method is-config="true" signature="closeBrowser()[pri:0, instance:_22testngDummyCode.LearningtestNg@4cc451f2]" started-at="2022-06-30T06:53:33 IST" name="closeBrowser" finished-at="2022-06-30T06:53:33 IST" duration-ms="0" status="PASS">
          <reporter-output>
          </reporter-output>
        </test-method> <!-- closeBrowser -->
        <test-method is-config="true" signature="openBrowserAndEnterUrl()[pri:0, instance:_22testngDummyCode.LearningtestNg@4cc451f2]" started-at="2022-06-30T06:53:33 IST" name="openBrowserAndEnterUrl" finished-at="2022-06-30T06:53:33 IST" duration-ms="1" status="PASS">
          <reporter-output>
          </reporter-output>
        </test-method> <!-- openBrowserAndEnterUrl -->
        <test-method signature="loginWithNoCredentials()[pri:0, instance:_22testngDummyCode.LearningtestNg@4cc451f2]" started-at="2022-06-30T06:53:33 IST" name="loginWithNoCredentials" finished-at="2022-06-30T06:53:33 IST" duration-ms="3" status="PASS">
          <reporter-output>
          </reporter-output>
        </test-method> <!-- loginWithNoCredentials -->
        <test-method is-config="true" signature="closeBrowser()[pri:0, instance:_22testngDummyCode.LearningtestNg@4cc451f2]" started-at="2022-06-30T06:53:33 IST" name="closeBrowser" finished-at="2022-06-30T06:53:33 IST" duration-ms="1" status="PASS">
          <reporter-output>
          </reporter-output>
        </test-method> <!-- closeBrowser -->
        <test-method is-config="true" signature="openBrowserAndEnterUrl()[pri:0, instance:_22testngDummyCode.LearningtestNg@4cc451f2]" started-at="2022-06-30T06:53:33 IST" name="openBrowserAndEnterUrl" finished-at="2022-06-30T06:53:33 IST" duration-ms="2" status="PASS">
          <reporter-output>
          </reporter-output>
        </test-method> <!-- openBrowserAndEnterUrl -->
        <test-method signature="registration()[pri:1, instance:_22testngDummyCode.LearningtestNg@4cc451f2]" started-at="2022-06-30T06:53:33 IST" name="registration" finished-at="2022-06-30T06:53:33 IST" duration-ms="2" status="PASS">
          <reporter-output>
          </reporter-output>
        </test-method> <!-- registration -->
        <test-method is-config="true" signature="closeBrowser()[pri:0, instance:_22testngDummyCode.LearningtestNg@4cc451f2]" started-at="2022-06-30T06:53:33 IST" name="closeBrowser" finished-at="2022-06-30T06:53:33 IST" duration-ms="0" status="PASS">
          <reporter-output>
          </reporter-output>
        </test-method> <!-- closeBrowser -->
        <test-method signature="login()[pri:2, instance:_22testngDummyCode.LearningtestNg@4cc451f2]" started-at="2022-06-30T06:53:33 IST" name="login" finished-at="2022-06-30T06:53:33 IST" duration-ms="7" status="PASS">
          <reporter-output>
          </reporter-output>
        </test-method> <!-- login -->
        <test-method is-config="true" signature="openBrowserAndEnterUrl()[pri:0, instance:_22testngDummyCode.LearningtestNg@4cc451f2]" started-at="2022-06-30T06:53:33 IST" name="openBrowserAndEnterUrl" finished-at="2022-06-30T06:53:33 IST" duration-ms="0" status="PASS">
          <reporter-output>
          </reporter-output>
        </test-method> <!-- openBrowserAndEnterUrl -->
        <test-method is-config="true" signature="closeBrowser()[pri:0, instance:_22testngDummyCode.LearningtestNg@4cc451f2]" started-at="2022-06-30T06:53:33 IST" name="closeBrowser" finished-at="2022-06-30T06:53:33 IST" duration-ms="0" status="PASS">
          <reporter-output>
          </reporter-output>
        </test-method> <!-- closeBrowser -->
        <test-method is-config="true" signature="openBrowserAndEnterUrl()[pri:0, instance:_22testngDummyCode.LearningtestNg@4cc451f2]" started-at="2022-06-30T06:53:33 IST" name="openBrowserAndEnterUrl" finished-at="2022-06-30T06:53:33 IST" duration-ms="8" status="PASS">
          <reporter-output>
          </reporter-output>
        </test-method> <!-- openBrowserAndEnterUrl -->
        <test-method signature="loginWithInvalidCredentails()[pri:3, instance:_22testngDummyCode.LearningtestNg@4cc451f2]" started-at="2022-06-30T06:53:33 IST" name="loginWithInvalidCredentails" finished-at="2022-06-30T06:53:33 IST" duration-ms="7" status="PASS">
          <reporter-output>
          </reporter-output>
        </test-method> <!-- loginWithInvalidCredentails -->
        <test-method is-config="true" signature="closeBrowser()[pri:0, instance:_22testngDummyCode.LearningtestNg@4cc451f2]" started-at="2022-06-30T06:53:33 IST" name="closeBrowser" finished-at="2022-06-30T06:53:33 IST" duration-ms="0" status="PASS">
          <reporter-output>
          </reporter-output>
        </test-method> <!-- closeBrowser -->
        <test-method signature="ContactUs()[pri:4, instance:_22testngDummyCode.LearningtestNg@4cc451f2]" started-at="2022-06-30T06:53:33 IST" name="ContactUs" depends-on-groups="Smoke" finished-at="2022-06-30T06:53:33 IST" duration-ms="5" status="PASS">
          <reporter-output>
          </reporter-output>
        </test-method> <!-- ContactUs -->
        <test-method is-config="true" signature="openBrowserAndEnterUrl()[pri:0, instance:_22testngDummyCode.LearningtestNg@4cc451f2]" started-at="2022-06-30T06:53:33 IST" name="openBrowserAndEnterUrl" finished-at="2022-06-30T06:53:33 IST" duration-ms="0" status="PASS">
          <reporter-output>
          </reporter-output>
        </test-method> <!-- openBrowserAndEnterUrl -->
        <test-method is-config="true" signature="closeBrowser()[pri:0, instance:_22testngDummyCode.LearningtestNg@4cc451f2]" started-at="2022-06-30T06:53:33 IST" name="closeBrowser" finished-at="2022-06-30T06:53:33 IST" duration-ms="0" status="PASS">
          <reporter-output>
          </reporter-output>
        </test-method> <!-- closeBrowser -->
        <test-method is-config="true" signature="openBrowserAndEnterUrl()[pri:0, instance:_22testngDummyCode.LearningtestNg@4cc451f2]" started-at="2022-06-30T06:53:33 IST" name="openBrowserAndEnterUrl" finished-at="2022-06-30T06:53:33 IST" duration-ms="1" status="PASS">
          <reporter-output>
          </reporter-output>
        </test-method> <!-- openBrowserAndEnterUrl -->
        <test-method signature="ContactUs()[pri:4, instance:_22testngDummyCode.LearningtestNg@4cc451f2]" started-at="2022-06-30T06:53:33 IST" name="ContactUs" depends-on-groups="Smoke" finished-at="2022-06-30T06:53:33 IST" duration-ms="2" status="PASS">
          <reporter-output>
          </reporter-output>
        </test-method> <!-- ContactUs -->
        <test-method is-config="true" signature="closeBrowser()[pri:0, instance:_22testngDummyCode.LearningtestNg@4cc451f2]" started-at="2022-06-30T06:53:33 IST" name="closeBrowser" finished-at="2022-06-30T06:53:33 IST" duration-ms="4" status="PASS">
          <reporter-output>
          </reporter-output>
        </test-method> <!-- closeBrowser -->
        <test-method is-config="true" signature="openBrowserAndEnterUrl()[pri:0, instance:_22testngDummyCode.LearningtestNg@4cc451f2]" started-at="2022-06-30T06:53:33 IST" name="openBrowserAndEnterUrl" finished-at="2022-06-30T06:53:33 IST" duration-ms="1" status="PASS">
          <reporter-output>
          </reporter-output>
        </test-method> <!-- openBrowserAndEnterUrl -->
        <test-method signature="ContactUs()[pri:4, instance:_22testngDummyCode.LearningtestNg@4cc451f2]" started-at="2022-06-30T06:53:33 IST" name="ContactUs" depends-on-groups="Smoke" finished-at="2022-06-30T06:53:33 IST" duration-ms="2" status="PASS">
          <reporter-output>
          </reporter-output>
        </test-method> <!-- ContactUs -->
        <test-method is-config="true" signature="closeBrowser()[pri:0, instance:_22testngDummyCode.LearningtestNg@4cc451f2]" started-at="2022-06-30T06:53:33 IST" name="closeBrowser" finished-at="2022-06-30T06:53:33 IST" duration-ms="1" status="PASS">
          <reporter-output>
          </reporter-output>
        </test-method> <!-- closeBrowser -->
        <test-method signature="ContactUs()[pri:4, instance:_22testngDummyCode.LearningtestNg@4cc451f2]" started-at="2022-06-30T06:53:33 IST" name="ContactUs" depends-on-groups="Smoke" finished-at="2022-06-30T06:53:33 IST" duration-ms="2" status="PASS">
          <reporter-output>
          </reporter-output>
        </test-method> <!-- ContactUs -->
        <test-method is-config="true" signature="openBrowserAndEnterUrl()[pri:0, instance:_22testngDummyCode.LearningtestNg@4cc451f2]" started-at="2022-06-30T06:53:33 IST" name="openBrowserAndEnterUrl" finished-at="2022-06-30T06:53:33 IST" duration-ms="0" status="PASS">
          <reporter-output>
          </reporter-output>
        </test-method> <!-- openBrowserAndEnterUrl -->
        <test-method is-config="true" signature="closeBrowser()[pri:0, instance:_22testngDummyCode.LearningtestNg@4cc451f2]" started-at="2022-06-30T06:53:33 IST" name="closeBrowser" finished-at="2022-06-30T06:53:33 IST" duration-ms="2" status="PASS">
          <reporter-output>
          </reporter-output>
        </test-method> <!-- closeBrowser -->
        <test-method is-config="true" signature="openBrowserAndEnterUrl()[pri:0, instance:_22testngDummyCode.LearningtestNg@4cc451f2]" started-at="2022-06-30T06:53:33 IST" name="openBrowserAndEnterUrl" finished-at="2022-06-30T06:53:33 IST" duration-ms="2" status="PASS">
          <reporter-output>
          </reporter-output>
        </test-method> <!-- openBrowserAndEnterUrl -->
        <test-method signature="ContactUs()[pri:4, instance:_22testngDummyCode.LearningtestNg@4cc451f2]" started-at="2022-06-30T06:53:33 IST" name="ContactUs" depends-on-groups="Smoke" finished-at="2022-06-30T06:53:33 IST" duration-ms="2" status="PASS">
          <reporter-output>
          </reporter-output>
        </test-method> <!-- ContactUs -->
        <test-method is-config="true" signature="openBrowserAndEnterUrl()[pri:0, instance:_22testngDummyCode.LearningtestNg@4cc451f2]" started-at="2022-06-30T06:53:33 IST" name="openBrowserAndEnterUrl" finished-at="2022-06-30T06:53:33 IST" duration-ms="1" status="PASS">
          <reporter-output>
          </reporter-output>
        </test-method> <!-- openBrowserAndEnterUrl -->
        <test-method is-config="true" signature="closeBrowser()[pri:0, instance:_22testngDummyCode.LearningtestNg@4cc451f2]" started-at="2022-06-30T06:53:33 IST" name="closeBrowser" finished-at="2022-06-30T06:53:33 IST" duration-ms="0" status="PASS">
          <reporter-output>
          </reporter-output>
        </test-method> <!-- closeBrowser -->
        <test-method signature="ContactUs()[pri:4, instance:_22testngDummyCode.LearningtestNg@4cc451f2]" started-at="2022-06-30T06:53:33 IST" name="ContactUs" depends-on-groups="Smoke" finished-at="2022-06-30T06:53:33 IST" duration-ms="0" status="PASS">
          <reporter-output>
          </reporter-output>
        </test-method> <!-- ContactUs -->
        <test-method is-config="true" signature="closeBrowser()[pri:0, instance:_22testngDummyCode.LearningtestNg@4cc451f2]" started-at="2022-06-30T06:53:33 IST" name="closeBrowser" finished-at="2022-06-30T06:53:33 IST" duration-ms="1" status="PASS">
          <reporter-output>
          </reporter-output>
        </test-method> <!-- closeBrowser -->
        <test-method is-config="true" signature="openBrowserAndEnterUrl()[pri:0, instance:_22testngDummyCode.LearningtestNg@4cc451f2]" started-at="2022-06-30T06:53:33 IST" name="openBrowserAndEnterUrl" finished-at="2022-06-30T06:53:33 IST" duration-ms="1" status="PASS">
          <reporter-output>
          </reporter-output>
        </test-method> <!-- openBrowserAndEnterUrl -->
        <test-method signature="ContactUs()[pri:4, instance:_22testngDummyCode.LearningtestNg@4cc451f2]" started-at="2022-06-30T06:53:33 IST" name="ContactUs" depends-on-groups="Smoke" finished-at="2022-06-30T06:53:33 IST" duration-ms="1" status="PASS">
          <reporter-output>
          </reporter-output>
        </test-method> <!-- ContactUs -->
        <test-method is-config="true" signature="closeBrowser()[pri:0, instance:_22testngDummyCode.LearningtestNg@4cc451f2]" started-at="2022-06-30T06:53:33 IST" name="closeBrowser" finished-at="2022-06-30T06:53:33 IST" duration-ms="1" status="PASS">
          <reporter-output>
          </reporter-output>
        </test-method> <!-- closeBrowser -->
        <test-method is-config="true" signature="openBrowserAndEnterUrl()[pri:0, instance:_22testngDummyCode.LearningtestNg@4cc451f2]" started-at="2022-06-30T06:53:33 IST" name="openBrowserAndEnterUrl" finished-at="2022-06-30T06:53:33 IST" duration-ms="1" status="PASS">
          <reporter-output>
          </reporter-output>
        </test-method> <!-- openBrowserAndEnterUrl -->
        <test-method signature="ContactUs()[pri:4, instance:_22testngDummyCode.LearningtestNg@4cc451f2]" started-at="2022-06-30T06:53:33 IST" name="ContactUs" depends-on-groups="Smoke" finished-at="2022-06-30T06:53:33 IST" duration-ms="3" status="PASS">
          <reporter-output>
          </reporter-output>
        </test-method> <!-- ContactUs -->
        <test-method is-config="true" signature="closeBrowser()[pri:0, instance:_22testngDummyCode.LearningtestNg@4cc451f2]" started-at="2022-06-30T06:53:33 IST" name="closeBrowser" finished-at="2022-06-30T06:53:33 IST" duration-ms="0" status="PASS">
          <reporter-output>
          </reporter-output>
        </test-method> <!-- closeBrowser -->
        <test-method signature="ContactUs()[pri:4, instance:_22testngDummyCode.LearningtestNg@4cc451f2]" started-at="2022-06-30T06:53:33 IST" name="ContactUs" depends-on-groups="Smoke" finished-at="2022-06-30T06:53:33 IST" duration-ms="2" status="PASS">
          <reporter-output>
          </reporter-output>
        </test-method> <!-- ContactUs -->
        <test-method is-config="true" signature="openBrowserAndEnterUrl()[pri:0, instance:_22testngDummyCode.LearningtestNg@4cc451f2]" started-at="2022-06-30T06:53:33 IST" name="openBrowserAndEnterUrl" finished-at="2022-06-30T06:53:33 IST" duration-ms="0" status="PASS">
          <reporter-output>
          </reporter-output>
        </test-method> <!-- openBrowserAndEnterUrl -->
        <test-method is-config="true" signature="openBrowserAndEnterUrl()[pri:0, instance:_22testngDummyCode.LearningtestNg@4cc451f2]" started-at="2022-06-30T06:53:33 IST" name="openBrowserAndEnterUrl" finished-at="2022-06-30T06:53:33 IST" duration-ms="1" status="PASS">
          <reporter-output>
          </reporter-output>
        </test-method> <!-- openBrowserAndEnterUrl -->
        <test-method is-config="true" signature="closeBrowser()[pri:0, instance:_22testngDummyCode.LearningtestNg@4cc451f2]" started-at="2022-06-30T06:53:33 IST" name="closeBrowser" finished-at="2022-06-30T06:53:33 IST" duration-ms="0" status="PASS">
          <reporter-output>
          </reporter-output>
        </test-method> <!-- closeBrowser -->
        <test-method signature="ContactUs()[pri:4, instance:_22testngDummyCode.LearningtestNg@4cc451f2]" started-at="2022-06-30T06:53:33 IST" name="ContactUs" depends-on-groups="Smoke" finished-at="2022-06-30T06:53:33 IST" duration-ms="2" status="PASS">
          <reporter-output>
          </reporter-output>
        </test-method> <!-- ContactUs -->
        <test-method is-config="true" signature="closeBrowser()[pri:0, instance:_22testngDummyCode.LearningtestNg@4cc451f2]" started-at="2022-06-30T06:53:33 IST" name="closeBrowser" finished-at="2022-06-30T06:53:33 IST" duration-ms="0" status="PASS">
          <reporter-output>
          </reporter-output>
        </test-method> <!-- closeBrowser -->
        <test-method is-config="true" signature="disconnectWithDb()[pri:0, instance:_22testngDummyCode.LearningtestNg@4cc451f2]" started-at="2022-06-30T06:53:33 IST" name="disconnectWithDb" finished-at="2022-06-30T06:53:33 IST" duration-ms="0" status="PASS">
          <reporter-output>
          </reporter-output>
        </test-method> <!-- disconnectWithDb -->
        <test-method is-config="true" signature="EmptyDb()[pri:0, instance:_22testngDummyCode.LearningtestNg@4cc451f2]" started-at="2022-06-30T06:53:33 IST" name="EmptyDb" finished-at="2022-06-30T06:53:33 IST" duration-ms="1" status="PASS">
          <reporter-output>
          </reporter-output>
        </test-method> <!-- EmptyDb -->
      </class> <!-- _22testngDummyCode.LearningtestNg -->
    </test> <!-- Default test -->
  </suite> <!-- Default suite -->
</testng-results>
